{"/Users/mcneip01/source/jellyfin-source/jellyfin-react-client/src/actions/ActionType.ts": {"path":"/Users/mcneip01/source/jellyfin-source/jellyfin-react-client/src/actions/ActionType.ts","statementMap":{},"fnMap":{},"branchMap":{},"s":{},"f":{},"b":{},"_coverageSchema":"332fd63041d2c1bcb487cc26dd0d5f7d97098a6c","hash":"bb5014e3be616c7df3b42c6043ecf0f1343fcca2"}
,"/Users/mcneip01/source/jellyfin-source/jellyfin-react-client/src/components/Loading.tsx": {"path":"/Users/mcneip01/source/jellyfin-source/jellyfin-react-client/src/components/Loading.tsx","statementMap":{"0":{"start":{"line":8,"column":8},"end":{"line":12,"column":10}},"1":{"start":{"line":16,"column":15},"end":{"line":26,"column":2}}},"fnMap":{"0":{"name":"(anonymous_0)","decl":{"start":{"line":7,"column":4},"end":{"line":7,"column":5}},"loc":{"start":{"line":7,"column":13},"end":{"line":13,"column":5}},"line":7}},"branchMap":{},"s":{"0":1,"1":1},"f":{"0":1},"b":{},"_coverageSchema":"332fd63041d2c1bcb487cc26dd0d5f7d97098a6c","hash":"90072735f5f26ad8a6cef588a9d5c61a131f2cfd"}
,"/Users/mcneip01/source/jellyfin-source/jellyfin-react-client/src/reducers/authReducer.ts": {"path":"/Users/mcneip01/source/jellyfin-source/jellyfin-react-client/src/reducers/authReducer.ts","statementMap":{"0":{"start":{"line":11,"column":39},"end":{"line":16,"column":1}},"1":{"start":{"line":19,"column":4},"end":{"line":28,"column":5}},"2":{"start":{"line":20,"column":8},"end":{"line":25,"column":11}},"3":{"start":{"line":27,"column":8},"end":{"line":27,"column":21}}},"fnMap":{"0":{"name":"authReducer","decl":{"start":{"line":18,"column":24},"end":{"line":18,"column":35}},"loc":{"start":{"line":18,"column":82},"end":{"line":29,"column":1}},"line":18}},"branchMap":{"0":{"loc":{"start":{"line":18,"column":36},"end":{"line":18,"column":56}},"type":"default-arg","locations":[{"start":{"line":18,"column":44},"end":{"line":18,"column":56}}],"line":18},"1":{"loc":{"start":{"line":19,"column":4},"end":{"line":28,"column":5}},"type":"if","locations":[{"start":{"line":19,"column":4},"end":{"line":28,"column":5}},{"start":{"line":19,"column":4},"end":{"line":28,"column":5}}],"line":19}},"s":{"0":1,"1":2,"2":1,"3":1},"f":{"0":2},"b":{"0":[2],"1":[1,1]},"_coverageSchema":"332fd63041d2c1bcb487cc26dd0d5f7d97098a6c","hash":"4a18356f78176b0bba003376e44da220485b7a81"}
}
