{"/Users/mcneip01/source/jellyfin-source/jellyfin-react-client/src/components/Loading.tsx": {"path":"/Users/mcneip01/source/jellyfin-source/jellyfin-react-client/src/components/Loading.tsx","statementMap":{"0":{"start":{"line":8,"column":8},"end":{"line":12,"column":10}},"1":{"start":{"line":16,"column":15},"end":{"line":26,"column":2}}},"fnMap":{"0":{"name":"(anonymous_0)","decl":{"start":{"line":7,"column":4},"end":{"line":7,"column":5}},"loc":{"start":{"line":7,"column":13},"end":{"line":13,"column":5}},"line":7}},"branchMap":{},"s":{"0":1,"1":1},"f":{"0":1},"b":{},"_coverageSchema":"332fd63041d2c1bcb487cc26dd0d5f7d97098a6c","hash":"90072735f5f26ad8a6cef588a9d5c61a131f2cfd"}
}
