TN:
SF:/Users/mcneip01/source/jellyfin-source/jellyfin-react-client/src/actions/ActionType.ts
FNF:0
FNH:0
LF:0
LH:0
BRF:0
BRH:0
end_of_record
TN:
SF:/Users/mcneip01/source/jellyfin-source/jellyfin-react-client/src/components/Loading.tsx
FN:7,(anonymous_0)
FNF:1
FNH:1
FNDA:1,(anonymous_0)
DA:8,1
DA:16,1
LF:2
LH:2
BRF:0
BRH:0
end_of_record
TN:
SF:/Users/mcneip01/source/jellyfin-source/jellyfin-react-client/src/reducers/authReducer.ts
FN:18,authReducer
FNF:1
FNH:1
FNDA:2,authReducer
DA:11,1
DA:19,2
DA:20,1
DA:27,1
LF:4
LH:4
BRDA:18,0,0,2
BRDA:19,1,0,1
BRDA:19,1,1,1
BRF:3
BRH:3
end_of_record
